[debug] [2022-10-26T01:03:28.975Z] ----------------------------------------------------------------------
[debug] [2022-10-26T01:03:28.976Z] Command:       /Users/Beknaz.Baktygulov/.nvm/versions/node/v16.14.0/bin/node /Users/Beknaz.Baktygulov/.nvm/versions/node/v16.14.0/bin/firebase init hosting
[debug] [2022-10-26T01:03:28.976Z] CLI Version:   11.15.0
[debug] [2022-10-26T01:03:28.976Z] Platform:      darwin
[debug] [2022-10-26T01:03:28.976Z] Node Version:  v16.14.0
[debug] [2022-10-26T01:03:28.977Z] Time:          Tue Oct 25 2022 18:03:28 GMT-0700 (Pacific Daylight Time)
[debug] [2022-10-26T01:03:28.977Z] ----------------------------------------------------------------------
[debug] 
[debug] [2022-10-26T01:03:29.011Z] > command requires scopes: ["email","openid","https://www.googleapis.com/auth/cloudplatformprojects.readonly","https://www.googleapis.com/auth/firebase","https://www.googleapis.com/auth/cloud-platform"]
[debug] [2022-10-26T01:03:29.011Z] > authorizing via signed-in user (enelbbs9@gmail.com)
[info] 
     ######## #### ########  ######## ########     ###     ######  ########
     ##        ##  ##     ## ##       ##     ##  ##   ##  ##       ##
     ######    ##  ########  ######   ########  #########  ######  ######
     ##        ##  ##    ##  ##       ##     ## ##     ##       ## ##
     ##       #### ##     ## ######## ########  ##     ##  ######  ########

You're about to initialize a Firebase project in this directory:

  /Users/Beknaz.Baktygulov/Documents/Sites/Seytech/expensetracker

Before we get started, keep in mind:

  * You are initializing within an existing Firebase project directory

[info] 
=== Project Setup
[info] 
[info] First, let's associate this project directory with a Firebase project.
[info] You can create multiple project aliases by running firebase use --add, 
[info] but for now we'll just set up a default project.
[info] 
[debug] [2022-10-26T01:03:29.013Z] Using project from CLI flag: expense-tracker-9d987
[debug] [2022-10-26T01:03:29.014Z] >>> [apiv2][query] GET https://firebase.googleapis.com/v1beta1/projects/expense-tracker-9d987 [none]
[debug] [2022-10-26T01:03:29.355Z] <<< [apiv2][status] GET https://firebase.googleapis.com/v1beta1/projects/expense-tracker-9d987 200
[debug] [2022-10-26T01:03:29.356Z] <<< [apiv2][body] GET https://firebase.googleapis.com/v1beta1/projects/expense-tracker-9d987 {"projectId":"expense-tracker-9d987","projectNumber":"702831861303","displayName":"expense-tracker","name":"projects/expense-tracker-9d987","resources":{"hostingSite":"expense-tracker-9d987"},"state":"ACTIVE","etag":"1_3fb38f3e-faf5-4756-974b-70079b456f1b"}
[info] i  Using project expense-tracker-9d987 (expense-tracker) 
[info] 
=== Hosting Setup
[info] 
[info] Your public directory is the folder (relative to your project directory) that
[info] will contain Hosting assets to be uploaded with firebase deploy. If you
[info] have a build process for your assets, use your build's output directory.
[info] 
[debug] [2022-10-26T01:03:57.889Z] >>> [apiv2][query] GET https://www.gstatic.com/firebasejs/releases.json [none]
[debug] [2022-10-26T01:03:58.044Z] <<< [apiv2][status] GET https://www.gstatic.com/firebasejs/releases.json 200
[debug] [2022-10-26T01:03:58.045Z] <<< [apiv2][body] GET https://www.gstatic.com/firebasejs/releases.json {"current":{"version":"9.12.1","browserURL":"https://www.gstatic.com/firebasejs/9.12.1/firebase.js","packageURL":"https://www.gstatic.com/firebasejs/9.12.1/firebase.tgz"},"live":{"version":"9.12","browserURL":"https://www.gstatic.com/firebasejs/live/9.12/firebase.js","packageURL":"https://www.gstatic.com/firebasejs/live/9.12/firebase.tgz"},"components":{"analytics":"https://www.gstatic.com/firebasejs/9.12.1/firebase-analytics.js","app":"https://www.gstatic.com/firebasejs/9.12.1/firebase-app.js","app-check":"https://www.gstatic.com/firebasejs/9.12.1/firebase-app-check.js","auth":"https://www.gstatic.com/firebasejs/9.12.1/firebase-auth.js","auth/cordova":"https://www.gstatic.com/firebasejs/9.12.1/firebase-auth/cordova.js","auth/react-native":"https://www.gstatic.com/firebasejs/9.12.1/firebase-auth/react-native.js","functions":"https://www.gstatic.com/firebasejs/9.12.1/firebase-functions.js","firestore":"https://www.gstatic.com/firebasejs/9.12.1/firebase-firestore.js","firestore/lite":"https://www.gstatic.com/firebasejs/9.12.1/firebase-firestore/lite.js","installations":"https://www.gstatic.com/firebasejs/9.12.1/firebase-installations.js","storage":"https://www.gstatic.com/firebasejs/9.12.1/firebase-storage.js","performance":"https://www.gstatic.com/firebasejs/9.12.1/firebase-performance.js","remote-config":"https://www.gstatic.com/firebasejs/9.12.1/firebase-remote-config.js","messaging":"https://www.gstatic.com/firebasejs/9.12.1/firebase-messaging.js","messaging/sw":"https://www.gstatic.com/firebasejs/9.12.1/firebase-messaging/sw.js","database":"https://www.gstatic.com/firebasejs/9.12.1/firebase-database.js","firestore.memory":"https://www.gstatic.com/firebasejs/9.12.1/firebase-firestore.memory.js"}}
[info] ✔  Wrote build/index.html 
[info] 
[info] i  Detected a .git folder at /Users/Beknaz.Baktygulov/Documents/Sites/Seytech/expensetracker 
[info] i  Authorizing with GitHub to upload your service account to a GitHub repository's secrets store. 
[info] 
[info] Visit this URL on this device to log in:
[info] https://github.com/login/oauth/authorize?client_id=89cf50f02ac6aaed3484&state=918741384&redirect_uri=http%3A%2F%2Flocalhost%3A9005&scope=read%3Auser%20repo%20public_repo
[info] 
[info] Waiting for authentication...
[debug] [2022-10-26T01:04:48.307Z] >>> [apiv2][query] POST https://github.com/login/oauth/access_token [none]
[debug] [2022-10-26T01:04:48.307Z] >>> [apiv2][body] POST https://github.com/login/oauth/access_token [stream]
[debug] [2022-10-26T01:04:48.547Z] <<< [apiv2][status] POST https://github.com/login/oauth/access_token 200
[debug] [2022-10-26T01:04:48.547Z] <<< [apiv2][body] POST https://github.com/login/oauth/access_token {"access_token":"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","token_type":"bearer","scope":"read:user,repo"}
[debug] [2022-10-26T01:04:48.572Z] >>> [apiv2][query] GET https://api.github.com/user [none]
[debug] [2022-10-26T01:04:48.907Z] <<< [apiv2][status] GET https://api.github.com/user 200
[debug] [2022-10-26T01:04:48.908Z] <<< [apiv2][body] GET https://api.github.com/user {"login":"BeknazBaktygulov","id":78503495,"node_id":"MDQ6VXNlcjc4NTAzNDk1","avatar_url":"https://avatars.githubusercontent.com/u/78503495?v=4","gravatar_id":"","url":"https://api.github.com/users/BeknazBaktygulov","html_url":"https://github.com/BeknazBaktygulov","followers_url":"https://api.github.com/users/BeknazBaktygulov/followers","following_url":"https://api.github.com/users/BeknazBaktygulov/following{/other_user}","gists_url":"https://api.github.com/users/BeknazBaktygulov/gists{/gist_id}","starred_url":"https://api.github.com/users/BeknazBaktygulov/starred{/owner}{/repo}","subscriptions_url":"https://api.github.com/users/BeknazBaktygulov/subscriptions","organizations_url":"https://api.github.com/users/BeknazBaktygulov/orgs","repos_url":"https://api.github.com/users/BeknazBaktygulov/repos","events_url":"https://api.github.com/users/BeknazBaktygulov/events{/privacy}","received_events_url":"https://api.github.com/users/BeknazBaktygulov/received_events","type":"User","site_admin":false,"name":"Beknaz Baktygulov","company":null,"blog":"","location":null,"email":null,"hireable":null,"bio":"beknaz.baktygulov@ey.com","twitter_username":null,"public_repos":31,"public_gists":0,"followers":2,"following":1,"created_at":"2021-02-03T19:02:19Z","updated_at":"2022-10-14T18:42:45Z","private_gists":0,"total_private_repos":1,"owned_private_repos":1,"disk_usage":11639,"collaborators":0,"two_factor_authentication":true,"plan":{"name":"free","space":976562499,"collaborators":0,"private_repos":10000}}
[info] 
[info] ✔  Success! Logged into GitHub as BeknazBaktygulov 
[info] 
